Running HiGHS 1.5.0 [date: 2025-08-08, git hash: 8a114449a]
Copyright (c) 2022 HiGHS under MIT licence terms
Number of BV entries in BOUNDS section is 14713
MIP  45b89adf50704b4a93f9b6380f1e69c3-pulp has 42644 rows; 14713 cols; 89138 nonzeros; 14713 integer variables
Presolving model
38654 rows, 10723 cols, 67922 nonzeros
29178 rows, 10693 cols, 63824 nonzeros
Objective function is integral with scale 1

Solving MIP model with:
   29178 rows
   10693 cols (10693 binary, 0 integer, 0 implied int., 0 continuous)
   63824 nonzeros

        Nodes      |    B&B Tree     |            Objective Bounds              |  Dynamic Constraints |       Work      
     Proc. InQueue |  Leaves   Expl. | BestBound       BestSol              Gap |   Cuts   InLp Confl. | LpIters     Time

         0       0         0   0.00%   0               inf                  inf        0      0      0         0     2.0s
         0       0         0   0.00%   0               inf                  inf        0      0      4      2566     2.6s
         0       0         0   0.00%   0               inf                  inf      702      1    469     55459    52.3s

13.9% inactive integer columns, restarting
Model after restart has 15250 rows, 5930 cols (5930 bin., 0 int., 0 impl., 0 cont.), and 33232 nonzeros

         0       0         0   0.00%   0               inf                  inf        1      0      0     55459    53.8s
         0       0         0   0.00%   0               inf                  inf        1      0      4     57167    54.2s
         0       0         0   0.00%   0               inf                  inf     1377     71    145     61106    61.6s
         0       0         0   0.00%   2.833333333     inf                  inf     1773     55    302     77057    70.1s

15.6% inactive integer columns, restarting
Model after restart has 10011 rows, 4142 cols (4142 bin., 0 int., 0 impl., 0 cont.), and 21734 nonzeros

         0       0         0   0.00%   2.833333333     inf                  inf       55      0      0     77057    71.0s
         0       0         0   0.00%   3               inf                  inf       55     51      4     78947    71.5s
         0       0         0   0.00%   23.33333333     inf                  inf      594    197    167     83683    76.7s
         0       0         0   0.00%   24              inf                  inf      786    201    191     84600    81.7s
         0       0         0   0.00%   24              inf                  inf     1128    196    211     85109    87.7s
        11       0         2   0.39%   24              inf                  inf     1134    173    501     99413    92.7s
       106       9        45   5.19%   24              inf                  inf     1238    181    773    114321    98.0s
       191      10        80  15.78%   24              inf                  inf     1264    181   1423    138016   103.9s
       221      21        89  16.97%   24              inf                  inf     1355    199   1707    149563   109.0s
       259      21       108  18.59%   24              inf                  inf     1377    199   2461    168811   114.3s
       291      21       124  18.69%   24              inf                  inf     1397    199   3378    191054   120.3s
       310      27       130  18.91%   24              inf                  inf     1931    255   3699    210521   131.8s
       352      28       148  19.61%   24              inf                  inf     1959    255   4265    231290   138.0s

        Nodes      |    B&B Tree     |            Objective Bounds              |  Dynamic Constraints |       Work      
     Proc. InQueue |  Leaves   Expl. | BestBound       BestSol              Gap |   Cuts   InLp Confl. | LpIters     Time

 B     362      28       153  19.63%   24              90                73.33%     1975    255   4770    238400   143.9s
       383      28       163  19.63%   24              90                73.33%     2004    255   5684    265089   148.9s
       391      28       168  19.64%   24              90                73.33%     2028    255   6465    283070   154.4s
       399      28       172  19.71%   24              90                73.33%     2046    255   6921    309371   164.2s
       411      31       177  19.74%   24              90                73.33%     2163    257   7200    315010   170.4s
       439      31       190  19.75%   24              90                73.33%     2197    257   7945    328420   175.9s
 T     439      31       190  19.75%   24              86                72.09%     2197    257   7945    328420   175.9s
       465      31       204  19.77%   24              86                72.09%     2245    257   8792    343356   181.4s
       483      31       212  19.77%   24              86                72.09%     2275    257   9613    368370   190.0s
       508      32       225  19.78%   24              86                72.09%     3097    242   9975    374339   195.5s
       554      31       246  19.78%   24              86                72.09%     3858    229   9894    385025   200.5s
       599      30       269  20.57%   24              86                72.09%     4074    279   8014    396806   207.3s
       666      30       299  20.79%   24              86                72.09%     4115    279   9089    412624   212.4s
       703      36       314  21.65%   24              86                72.09%     4185    282   9707    424413   217.5s
       791      36       351  21.65%   24              86                72.09%     4214    282   7043    442188   222.6s
       801      50       356  21.65%   25              86                70.93%     4740    236   7230    447819   227.9s
       816      47       363  21.68%   25              86                70.93%     3077    279   7947    457621   233.0s
       847      44       380  21.70%   25              86                70.93%     3037    289   8406    466992   242.5s
       900      43       401  21.72%   25              86                70.93%     2886    303   9173    480143   247.5s
       966      47       434  22.57%   25.08333333     86                70.83%     3821    304   8415    487608   266.0s

        Nodes      |    B&B Tree     |            Objective Bounds              |  Dynamic Constraints |       Work      
     Proc. InQueue |  Leaves   Expl. | BestBound       BestSol              Gap |   Cuts   InLp Confl. | LpIters     Time

      1043      49       468  22.65%   25.08333333     86                70.83%     3869    304   9743    502611   271.1s
      1070      53       480  23.04%   25.08333333     86                70.83%     4690    320   8462    511789   276.6s
      1104      53       495  23.23%   25.08333333     86                70.83%     4712    320   9392    530528   283.1s
      1166      62       523  23.23%   25.83333333     86                69.96%     5010    307   8529    543292   289.2s
      1173      59       528  23.23%   25.83333333     86                69.96%     4856    275   8760    547461   295.8s
      1196      55       541  23.24%   25.83333333     86                69.96%     2998    300   9214    557427   304.4s
      1247      55       565  23.44%   25.83333333     86                69.96%     3032    319   9503    569307   318.5s
      1351      58       612  23.56%   26.5            86                69.19%     2748    280   9704    581917   327.0s
      1455      62       661  23.58%   26.5            86                69.19%     2708    289   9556    593746   332.0s
      1462      61       662  23.60%   26.5            86                69.19%     2489    321   9626    600868   337.5s
      1535      61       695  24.04%   26.5            86                69.19%     2539    321   3357    615669   342.6s
      1572      60       716  24.12%   29              86                66.28%     2371    306   4058    623714   348.9s
      1595      58       726  24.51%   29              86                66.28%     2376    343   4404    629691   357.8s
      1686      58       766  24.53%   29              86                66.28%     2433    343   6044    644511   363.0s
      1739      67       793  24.53%   29              86                66.28%     2183    332   6930    653821   368.0s
      1772      65       809  24.55%   29              86                66.28%     2702    310   7686    662266   373.2s
      1781      64       813  24.58%   29              86                66.28%     2365    308   8058    666696   378.7s
      1826      63       834  24.64%   29              86                66.28%     2467    320   8768    676414   383.9s
      1869      63       854  24.67%   29              86                66.28%     2512    320   9734    691106   389.1s
      1885      62       862  24.84%   29              86                66.28%     2659    349  10000    701295   395.2s

        Nodes      |    B&B Tree     |            Objective Bounds              |  Dynamic Constraints |       Work      
     Proc. InQueue |  Leaves   Expl. | BestBound       BestSol              Gap |   Cuts   InLp Confl. | LpIters     Time

      1897      61       868  25.29%   29              86                66.28%     3172    369   9967    713415   409.2s
      1975      61       905  25.81%   29              86                66.28%     3222    369   9384    727941   414.2s
      2010      64       921  25.88%   29.5            86                65.70%     3441    359   9549    739363   429.1s
      2112      66       967  25.92%   29.5            86                65.70%     3057    342   9003    750444   434.8s
      2161      65       988  25.97%   29.5            86                65.70%     3210    328   9695    758991   439.8s
      2208      65      1011  25.99%   29.5            86                65.70%     3453    361   8977    766978   455.6s
      2248      65      1029  26.07%   29.5            86                65.70%     3479    361   9669    782868   460.9s
      2279      63      1046  26.27%   30              86                65.12%     3960    380   8466    794958   468.1s
      2318      62      1065  26.37%   30              86                65.12%     3529    356   8943    803327   474.2s
      2386      61      1096  26.40%   30              86                65.12%     3765    366   9863    821149   493.6s
      2480      65      1140  27.34%   30              86                65.12%     4756    349   9614    831374   499.8s
      2495      63      1146  27.49%   30              86                65.12%     4539    337   9847    837028   504.8s
 T    2546      63      1170  28.53%   30              82                63.41%     4560    337   8665    842731   507.7s
      2591      60      1187  29.53%   30              82                63.41%     3357    344   8996    850959   516.5s
      2659      61      1217  29.55%   30              82                63.41%     3393    344   9662    865080   521.9s
      2691      59      1232  29.61%   31.5            82                61.59%     3112    352   9236    876338   529.1s
      2787      64      1279  29.64%   31.5            82                61.59%     3168    352   8407    890139   534.3s
      2797      60      1286  29.69%   31.5            82                61.59%     2506    313   8669    899046   545.9s
      2803      59      1288  29.69%   31.5            82                61.59%     2707    320   8802    907585   551.2s
      2821      58      1296  29.80%   31.5            82                61.59%     3116    358   9235    917624   566.4s

        Nodes      |    B&B Tree     |            Objective Bounds              |  Dynamic Constraints |       Work      
     Proc. InQueue |  Leaves   Expl. | BestBound       BestSol              Gap |   Cuts   InLp Confl. | LpIters     Time

      2906      58      1337  30.08%   31.5            82                61.59%     3160    358   9307    930010   571.5s
      2923      59      1345  30.45%   31.5            82                61.59%     4304    359   8837    940793   583.0s
      2962      57      1367  31.99%   33.5            82                59.15%     3824    358   9744    951172   595.9s
      2972      56      1371  32.04%   33.5            82                59.15%     3822    349   9835    957878   610.7s
      3043      56      1408  32.05%   33.5            82                59.15%     3867    349   9776    971705   616.0s
      3052      55      1409  32.05%   33.5            82                59.15%     3725    373   9962    979391   626.6s
      3145      60      1454  32.17%   33.5            82                59.15%     3534    352   9755    988701   631.8s
      3173      58      1466  32.20%   33.5            82                59.15%     3194    352   9152     1000k   641.4s
      3229      60      1492  32.29%   33.5            82                59.15%     3252    352   9407     1015k   646.7s
      3273      64      1512  32.42%   33.5            82                59.15%     3455    382   8881     1029k   659.2s
      3329      64      1537  33.04%   33.5            82                59.15%     3500    382   9811     1041k   664.5s
      3362      59      1556  33.16%   34              82                58.54%     3731    368   8719     1048k   669.8s
      3393      58      1569  33.16%   34              82                58.54%     3849    351   9808     1061k   675.0s
      3431      57      1588  33.19%   34              82                58.54%     3788    376   9402     1072k   687.8s
      3514      61      1627  33.26%   34              82                58.54%     3836    376   9437     1086k   692.8s
      3533      63      1635  33.66%   34              82                58.54%     3824    393   9636     1094k   700.2s
      3566      64      1650  34.03%   34              82                58.54%     3856    393   9220     1108k   705.2s
      3597      64      1666  34.23%   34              82                58.54%     3890    393   9819     1123k   710.6s
      3635      64      1686  34.62%   34              82                58.54%     3877    380   9874     1142k   718.5s
      3676      63      1707  34.75%   34              82                58.54%     3127    391   9857     1154k   724.7s

        Nodes      |    B&B Tree     |            Objective Bounds              |  Dynamic Constraints |       Work      
     Proc. InQueue |  Leaves   Expl. | BestBound       BestSol              Gap |   Cuts   InLp Confl. | LpIters     Time

      3729      63      1734  34.89%   34              82                58.54%     3038    394   8784     1167k   729.9s
      3762      62      1750  34.95%   34              82                58.54%     2835    375   9304     1179k   761.6s
      3802      66      1765  35.03%   34              82                58.54%     2867    375   8969     1193k   766.7s
      3813      65      1772  35.44%   35              82                57.32%     2650    395   9454     1200k   773.8s
      3819      60      1777  35.45%   35              82                57.32%     2864    359   9513     1204k   786.3s
      3838      59      1783  35.47%   35              82                57.32%     2921    386   9931     1210k   791.4s
      3932      61      1828  35.65%   35              82                57.32%     3195    391   9356     1233k   801.4s
      3970      61      1844  35.66%   35              82                57.32%     3217    391   9233     1247k   806.4s
      4034      67      1876  35.68%   35              82                57.32%     3425    405   9336     1256k   813.3s
      4066      65      1890  35.71%   35              82                57.32%     3215    341   9044     1266k   819.8s
      4134      65      1923  35.72%   35              82                57.32%     3258    341   9723     1277k   824.8s
      4170      68      1937  35.74%   35              82                57.32%     3270    363   8816     1291k   831.8s
      4254      68      1979  35.77%   35              82                57.32%     3335    363   9402     1304k   836.9s
      4284      73      1994  35.77%   35.5            82                56.71%     3343    356   9964     1313k   841.9s
      4327      72      2015  35.78%   35.5            82                56.71%     2958    367   7994     1317k   847.0s
      4383      70      2043  35.79%   35.5            82                56.71%     3325    343   9103     1326k   855.8s
      4443      70      2073  35.82%   35.5            82                56.71%     3386    343   8944     1338k   860.8s
      4483      69      2092  35.88%   35.5            82                56.71%     3763    362   9774     1347k   865.8s
      4552      69      2127  35.90%   35.5            82                56.71%     3820    362   9872     1358k   870.9s
      4554      71      2129  36.09%   35.83333333     82                56.30%     3717    374  10004     1360k   882.2s

        Nodes      |    B&B Tree     |            Objective Bounds              |  Dynamic Constraints |       Work      
     Proc. InQueue |  Leaves   Expl. | BestBound       BestSol              Gap |   Cuts   InLp Confl. | LpIters     Time

      4561      68      2133  36.11%   35.83333333     82                56.30%     3873    374   9545     1368k   888.4s
      4588      67      2147  36.13%   35.83333333     82                56.30%     3934    388   8589     1377k   893.7s
      4645      67      2174  36.15%   35.83333333     82                56.30%     3959    404   9646     1387k   899.2s
      4673      66      2186  36.23%   35.83333333     82                56.30%     3943    398   9927     1401k   905.1s
      4748      68      2224  36.23%   35.83333333     82                56.30%     4155    410   9354     1410k   916.7s
      4778      66      2238  36.30%   35.83333333     82                56.30%     3991    400   9776     1423k   923.6s
      4867      67      2279  36.49%   35.83333333     82                56.30%     4042    400   9868     1440k   929.6s
      4877      71      2286  36.50%   35.85714286     82                56.27%     4579    358   9055     1450k   934.9s
      4895      69      2296  36.52%   35.85714286     82                56.27%     4638    312   9952     1458k   940.6s
      4900      68      2297  36.52%   35.85714286     82                56.27%     4479    354   8458     1468k   945.9s
      5000      72      2344  36.97%   35.85714286     82                56.27%     4534    373   9687     1481k   957.0s
      5064      73      2370  37.05%   35.85714286     82                56.27%     4566    373   9898     1496k   962.0s
      5102      79      2392  37.07%   35.85714286     82                56.27%     4121    367   8812     1503k   967.1s
      5105      76      2395  37.08%   35.85714286     82                56.27%     4046    377   8979     1505k   973.1s
      5128      74      2406  37.09%   35.85714286     82                56.27%     3580    335   9529     1515k   979.6s
      5173      73      2428  37.30%   35.85714286     82                56.27%     3669    378   9973     1526k   984.8s
      5258      75      2467  37.42%   36              82                56.10%     3011    375   9429     1541k   995.7s
      5292      74      2485  37.89%   36              82                56.10%     3093    380   9843     1549k  1008.4s
      5297      73      2486  37.89%   36              82                56.10%     3001    384   9341     1553k  1017.1s
      5363      74      2516  37.90%   36              82                56.10%     3036    384   8702     1567k  1022.8s

        Nodes      |    B&B Tree     |            Objective Bounds              |  Dynamic Constraints |       Work      
     Proc. InQueue |  Leaves   Expl. | BestBound       BestSol              Gap |   Cuts   InLp Confl. | LpIters     Time

      5394      82      2529  37.90%   36              82                56.10%     3223    392   9116     1580k  1028.2s
      5396      80      2531  38.00%   36              82                56.10%     3340    368   9143     1581k  1039.0s
      5409      72      2541  38.01%   36              82                56.10%     2877    356   9547     1592k  1048.2s
      5416      71      2543  38.03%   36              82                56.10%     3390    385   9569     1596k  1058.7s
      5516      77      2586  38.27%   36              82                56.10%     3619    402   9872     1618k  1066.7s
      5573      79      2610  38.35%   36              82                56.10%     3640    402   9256     1630k  1072.0s
      5604      79      2626  38.46%   36              82                56.10%     3672    402   9963     1645k  1077.3s
      5615      82      2633  38.47%   36              82                56.10%     4346    370   9736     1691k  1112.5s
      5632      80      2641  38.48%   36              82                56.10%     4552    371   9929     1699k  1120.2s
      5662      80      2656  38.51%   36              82                56.10%     4579    371   9928     1711k  1125.2s
      5705      80      2673  38.53%   36              82                56.10%     4614    371   9484     1729k  1131.4s
      5730      83      2687  38.53%   36              82                56.10%     5080    369   9462     1736k  1139.0s
      5738      82      2688  38.54%   36              82                56.10%     5423    377   9470     1740k  1144.8s
      5805      84      2719  38.74%   36              82                56.10%     5452    377   9519     1754k  1149.8s
      5834      88      2734  38.75%   36.11111111     82                55.96%     6025    365   9665     1763k  1155.2s
      5900      87      2765  38.79%   36.11111111     82                55.96%     5674    355   8464     1775k  1160.5s
      5956      92      2792  38.79%   36.11111111     82                55.96%     5705    355   8730     1788k  1166.2s
      5998      91      2813  38.80%   36.11111111     82                55.96%     4587    320   9399     1796k  1173.2s
      6010      89      2820  39.19%   36.11111111     82                55.96%     4301    368   9692     1801k  1195.0s
      6088      89      2854  39.27%   36.11111111     82                55.96%     4334    368   8389     1814k  1200.1s

        Nodes      |    B&B Tree     |            Objective Bounds              |  Dynamic Constraints |       Work      
     Proc. InQueue |  Leaves   Expl. | BestBound       BestSol              Gap |   Cuts   InLp Confl. | LpIters     Time

      6110      93      2868  39.28%   36.25           82                55.79%     3132    371   8595     1820k  1205.6s
      6115      89      2872  39.28%   36.25           82                55.79%     2439    355   8737     1825k  1210.8s
      6124      86      2876  39.69%   36.25           82                55.79%     2565    395   9403     1836k  1229.7s
      6170      87      2895  40.52%   36.25           82                55.79%     2586    395   9313     1848k  1234.8s
      6228      89      2923  40.60%   36.5            82                55.49%     3052    416   9371     1880k  1250.9s
      6287      90      2950  40.60%   36.5            82                55.49%     3095    416   9240     1891k  1256.3s
      6330      91      2971  40.71%   36.5            82                55.49%     3642    390   9629     1899k  1276.4s
      6374      91      2991  40.87%   36.5            82                55.49%     3662    390   9622     1915k  1281.6s
      6429      94      3016  41.09%   37.9375         82                53.73%     3848    369   8456     1928k  1287.3s
      6431      92      3018  41.12%   37.9375         82                53.73%     4575    385   8471     1931k  1293.7s
      6450      89      3027  41.18%   37.9375         82                53.73%     4839    365   8741     1935k  1301.8s
      6507      90      3055  41.18%   37.9375         82                53.73%     4697    368   9785     1943k  1306.8s
      6525      88      3063  41.62%   37.9375         82                53.73%     4625    368   9553     1951k  1312.3s
      6584      88      3090  42.17%   37.9375         82                53.73%     4648    368   9687     1963k  1317.3s
      6615      93      3104  42.32%   38              82                53.66%     5193    375   9998     1969k  1322.8s
      6627      89      3113  42.35%   38              82                53.66%     4466    362   9912     1976k  1328.4s
      6632      88      3114  42.36%   38              82                53.66%     3936    375   9900     1982k  1333.8s
      6729      93      3160  42.36%   38              82                53.66%     3876    388   9216     1992k  1338.9s
      6737      91      3162  42.37%   38              82                53.66%     3924    381   9242     1995k  1344.3s
      6833      98      3207  42.58%   38.10044475     82                53.54%     3860    387   9374     2007k  1349.5s

        Nodes      |    B&B Tree     |            Objective Bounds              |  Dynamic Constraints |       Work      
     Proc. InQueue |  Leaves   Expl. | BestBound       BestSol              Gap |   Cuts   InLp Confl. | LpIters     Time

      6837      96      3209  42.58%   38.10044475     82                53.54%     3847    358   9454     2008k  1355.1s
      6846      94      3215  42.60%   38.10044475     82                53.54%     3727    346   9767     2015k  1360.5s
      6869      91      3227  42.62%   38.10044475     82                53.54%     3514    354   9119     2021k  1371.9s
      6916      90      3249  42.68%   38.10044475     82                53.54%     3825    378   9341     2031k  1380.3s
      6958      91      3269  42.77%   38.10044475     82                53.54%     3878    378   9355     2045k  1385.3s
      7019      94      3296  42.85%   38.10044475     82                53.54%     3168    397   9605     2058k  1392.8s
      7093      94      3332  42.89%   38.10044475     82                53.54%     3219    397   9273     2072k  1397.9s
      7117      96      3344  42.96%   38.10044475     82                53.54%     3279    398   9636     2081k  1404.1s
      7129      95      3351  42.99%   38.10044475     82                53.54%     4819    351   9761     2084k  1411.7s
      7155      93      3363  43.01%   38.10044475     82                53.54%     5217    383   9186     2093k  1422.3s
      7182      97      3375  43.02%   38.10044475     82                53.54%     5265    383   9600     2110k  1428.0s
      7252     108      3405  43.03%   38.10044475     82                53.54%     5381    364   9017     2122k  1433.4s
      7259     107      3407  43.04%   38.10044475     82                53.54%     5464    403   9221     2126k  1447.8s
      7368     111      3456  43.05%   38.10044475     82                53.54%     5410    325   9546     2139k  1453.6s
      7382     108      3463  43.11%   38.10044475     82                53.54%     5515    354   9913     2147k  1458.8s
      7451     109      3495  43.13%   38.10044475     82                53.54%     5562    354   9529     2169k  1465.1s
      7478     110      3510  43.14%   38.10044475     82                53.54%     4765    344   9964     2182k  1471.0s
      7488     108      3515  43.14%   38.10044475     82                53.54%     3318    337   9744     2190k  1477.1s
      7547     107      3543  43.18%   38.10044475     82                53.54%     3064    349   9965     2202k  1482.2s
      7561     106      3550  43.21%   38.10044475     82                53.54%     3452    373   9604     2215k  1495.0s

        Nodes      |    B&B Tree     |            Objective Bounds              |  Dynamic Constraints |       Work      
     Proc. InQueue |  Leaves   Expl. | BestBound       BestSol              Gap |   Cuts   InLp Confl. | LpIters     Time

      7633     106      3578  43.22%   38.10044475     82                53.54%     3487    373   9354     2230k  1500.0s
      7667     109      3596  43.23%   38.10044475     82                53.54%     3193    366   9784     2237k  1506.4s
      7764     112      3642  43.23%   38.10044475     82                53.54%     3083    372   9510     2248k  1511.7s
      7785     110      3651  43.23%   38.10044475     82                53.54%     3607    368   9033     2256k  1524.7s
      7861     111      3686  43.25%   38.10044475     82                53.54%     3659    368   9324     2271k  1529.9s
      7886     118      3697  43.25%   38.14285714     82                53.48%     4612    357   9800     2279k  1537.3s
      7907     111      3710  43.27%   38.14285714     82                53.48%     3799    370   9407     2289k  1542.8s
      7958     112      3734  43.27%   38.14285714     82                53.48%     3859    334   9520     2301k  1547.9s
      7978     111      3745  43.32%   38.14285714     82                53.48%     3773    367   9593     2310k  1561.4s
      8058     111      3784  43.37%   38.14285714     82                53.48%     3801    367   9963     2331k  1568.6s
      8083     109      3797  43.47%   38.5            82                53.05%     3421    364   9778     2338k  1573.8s
      8101     108      3805  43.48%   38.5            82                53.05%     2618    355   9524     2370k  1602.1s
      8111     107      3811  43.50%   38.5            82                53.05%     2792    352   9131     2376k  1614.3s
      8129     107      3819  43.51%   38.5            82                53.05%     2824    352   9917     2397k  1621.4s
      8219     110      3861  43.53%   38.5            82                53.05%     3097    362   9644     2410k  1630.6s
      8257     110      3880  43.73%   38.5            82                53.05%     3133    362   9792     2424k  1636.0s
      8273     107      3890  43.90%   38.71428571     82                52.79%     3267    347   9635     2436k  1641.7s
      8301     104      3906  43.90%   38.71428571     82                52.79%     3114    347   9395     2443k  1649.5s
      8322     103      3916  43.90%   38.71428571     82                52.79%     3302    354   9805     2451k  1654.5s
      8376     104      3942  43.91%   38.71428571     82                52.79%     3348    354   9874     2466k  1660.6s

        Nodes      |    B&B Tree     |            Objective Bounds              |  Dynamic Constraints |       Work      
     Proc. InQueue |  Leaves   Expl. | BestBound       BestSol              Gap |   Cuts   InLp Confl. | LpIters     Time

      8390     102      3951  43.92%   38.71428571     82                52.79%     3045    361   9727     2476k  1667.3s
      8442     102      3977  43.93%   38.71428571     82                52.79%     3155    356   9400     2490k  1674.4s
      8491     102      4001  43.93%   38.71428571     82                52.79%     3209    338   9566     2501k  1679.6s
      8508     100      4010  43.96%   38.71428571     82                52.79%     3735    375   9775     2508k  1692.6s
      8571     104      4037  43.98%   38.71428571     82                52.79%     3768    375   8512     2523k  1697.6s
      8593     106      4048  43.99%   38.71428571     82                52.79%     3823    375   9947     2543k  1704.9s
      8612     109      4055  43.99%   38.71428571     82                52.79%     3840    370   9762     2554k  1725.5s
      8638     110      4069  43.99%   38.71428571     82                52.79%     3891    370   8131     2568k  1731.2s
      8656     109      4077  44.00%   38.71428571     82                52.79%     4382    373   8313     2576k  1737.4s
      8721     109      4110  44.00%   38.71428571     82                52.79%     4425    373   9778     2591k  1743.1s
      8756     107      4128  44.01%   38.73684211     82                52.76%     5102    375   9436     2602k  1748.2s
      8769     106      4134  44.01%   38.73684211     82                52.76%     5359    358   9908     2651k  1769.4s
      8867     109      4177  44.01%   38.73684211     82                52.76%     5412    363   9111     2660k  1774.6s
      8948     108      4213  44.01%   38.73684211     82                52.76%     5372    369   9526     2670k  1779.8s
      8998     112      4237  44.11%   38.73684211     82                52.76%     5353    357   9950     2677k  1786.9s
      9026     107      4250  44.21%   38.8            82                52.68%     5605    358   6919     2689k  1795.5s
      9120     108      4294  44.21%   38.8            82                52.68%     5465    348   7349     2699k  1803.1s
      9123     106      4296  44.21%   38.8            82                52.68%     5497    357   7362     2701k  1811.1s
      9190     105      4328  44.21%   38.8            82                52.68%     5474    361   8121     2712k  1816.1s
      9235     104      4350  44.41%   38.8            82                52.68%     5224    390   8360     2721k  1827.5s

        Nodes      |    B&B Tree     |            Objective Bounds              |  Dynamic Constraints |       Work      
     Proc. InQueue |  Leaves   Expl. | BestBound       BestSol              Gap |   Cuts   InLp Confl. | LpIters     Time

      9336     105      4393  44.50%   38.88235294     82                52.58%     5261    370   9511     2731k  1832.7s
      9386     104      4417  44.51%   38.88235294     82                52.58%     5208    385   9885     2742k  1837.8s
      9425     105      4436  44.51%   38.88235294     82                52.58%     5229    365   9318     2754k  1843.1s
      9478     105      4461  44.51%   38.88235294     82                52.58%     5258    365   9837     2768k  1848.6s
      9522     107      4482  44.52%   38.88235294     82                52.58%     5409    368   8353     2774k  1855.9s
      9553     105      4496  44.52%   38.88235294     82                52.58%     5673    367   8739     2786k  1861.0s
      9626     111      4527  44.52%   38.88235294     82                52.58%     5902    367   9203     2798k  1866.5s
      9627     110      4528  44.52%   38.88235294     82                52.58%     6153    373   9214     2799k  1872.8s
      9700     111      4554  45.31%   38.88235294     82                52.58%     4992    398   9756     2806k  1877.8s
      9739     116      4574  45.33%   38.88235294     82                52.58%     5049    402   9298     2817k  1882.9s
      9769     111      4590  45.50%   38.88235294     82                52.58%     3978    401   9836     2858k  1909.9s
